<?xml version="1.0" encoding="UTF-8" ?>
<testsuite tests="7" failures="0" name="za.ac.wits.calculator.console.app.CalculatorTest" time="0.006" errors="0" skipped="0">
  <properties>
    <property name="java.runtime.name" value="OpenJDK Runtime Environment"/>
    <property name="java.vm.version" value="17.0.5+8"/>
    <property name="sun.boot.library.path" value="C:\Program Files\Eclipse Adoptium\jdk-17.0.5.8-hotspot\bin"/>
    <property name="maven.multiModuleProjectDirectory" value="C:\Users\fisto\OneDrive\Desktop\ConsoleCalculator"/>
    <property name="java.vm.vendor" value="Eclipse Adoptium"/>
    <property name="java.vendor.url" value="https://adoptium.net/"/>
    <property name="guice.disable.misplaced.annotation.check" value="true"/>
    <property name="path.separator" value=";"/>
    <property name="java.vm.name" value="OpenJDK 64-Bit Server VM"/>
    <property name="sun.os.patch.level" value=""/>
    <property name="user.script" value=""/>
    <property name="user.country" value="ZA"/>
    <property name="sun.java.launcher" value="SUN_STANDARD"/>
    <property name="java.vm.specification.name" value="Java Virtual Machine Specification"/>
    <property name="user.dir" value="C:\Users\fisto\OneDrive\Desktop\ConsoleCalculator"/>
    <property name="java.vm.compressedOopsMode" value="32-bit"/>
    <property name="java.runtime.version" value="17.0.5+8"/>
    <property name="os.arch" value="amd64"/>
    <property name="java.io.tmpdir" value="C:\Users\fisto\AppData\Local\Temp\"/>
    <property name="line.separator" value="
"/>
    <property name="java.vm.specification.vendor" value="Oracle Corporation"/>
    <property name="user.variant" value=""/>
    <property name="os.name" value="Windows 11"/>
    <property name="classworlds.conf" value="C:\Users\fisto\apache-maven-3.8.6\bin\m2.conf"/>
    <property name="sun.jnu.encoding" value="Cp1252"/>
    <property name="java.library.path" value="C:\Program Files\Eclipse Adoptium\jdk-17.0.5.8-hotspot\bin;C:\WINDOWS\Sun\Java\bin;C:\WINDOWS\system32;C:\WINDOWS;C:\Program Files\Common Files\Oracle\Java\javapath;C:\Program Files\Eclipse Adoptium\jdk-17.0.5.8-hotspot\bin;C:\Program Files (x86)\Microsoft SDKs\Azure\CLI2\wbin;C:\Program Files (x86)\Common Files\Oracle\Java\javapath;C:\WINDOWS\system32;C:\WINDOWS;C:\WINDOWS\System32\Wbem;C:\WINDOWS\System32\WindowsPowerShell\v1.0\;C:\WINDOWS\System32\OpenSSH\;C:\Program Files\Git\cmd;C:\Program Files\Go\bin;C:\Program Files\dotnet\;C:\Program Files\Amazon\AWSCLIV2\;C:\Program Files\nodejs\;C:\Program Files (x86)\Google\Cloud SDK\google-cloud-sdk\bin;C:\Program Files\GitHub CLI\;C:\ProgramData\chocolatey\bin;C:\Users\fisto\.cargo\bin;C:\Users\fisto\scoop\shims;C:\Users\fisto\AppData\Local\Programs\Python\Python311\Scripts\;C:\Users\fisto\AppData\Local\Programs\Python\Python311\;C:\Users\fisto\AppData\Local\Microsoft\WindowsApps;C:\Users\fisto\AppData\Local\Programs\Microsoft VS Code\bin;C:\Users\fisto\go\bin;C:\Users\fisto\.dotnet\tools;C:\Program Files\Terraform;C:\Users\fisto\AppData\Roaming\npm;C:\Users\fisto\apache-ant-1.9.16\bin;C:\Users\fisto\apache-maven-3.8.6\bin;C:\Users\fisto\gradle-7.6\bin;C:\Program Files\Java\jdk-19\bin;."/>
    <property name="maven.conf" value="C:\Users\fisto\apache-maven-3.8.6/conf"/>
    <property name="jdk.debug" value="release"/>
    <property name="java.class.version" value="61.0"/>
    <property name="java.specification.name" value="Java Platform API Specification"/>
    <property name="sun.management.compiler" value="HotSpot 64-Bit Tiered Compilers"/>
    <property name="os.version" value="10.0"/>
    <property name="library.jansi.path" value="C:\Users\fisto\apache-maven-3.8.6\lib\jansi-native"/>
    <property name="user.home" value="C:\Users\fisto"/>
    <property name="user.timezone" value="Africa/Johannesburg"/>
    <property name="file.encoding" value="Cp1252"/>
    <property name="java.specification.version" value="17"/>
    <property name="user.name" value="fisto"/>
    <property name="java.class.path" value="C:\Users\fisto\apache-maven-3.8.6\boot\plexus-classworlds-2.6.0.jar"/>
    <property name="java.vm.specification.version" value="17"/>
    <property name="sun.arch.data.model" value="64"/>
    <property name="sun.java.command" value="org.codehaus.plexus.classworlds.launcher.Launcher clean install"/>
    <property name="java.home" value="C:\Program Files\Eclipse Adoptium\jdk-17.0.5.8-hotspot"/>
    <property name="user.language" value="en"/>
    <property name="java.specification.vendor" value="Oracle Corporation"/>
    <property name="java.vm.info" value="mixed mode, sharing"/>
    <property name="java.version" value="17.0.5"/>
    <property name="native.encoding" value="Cp1252"/>
    <property name="java.vendor" value="Eclipse Adoptium"/>
    <property name="sun.stderr.encoding" value="cp437"/>
    <property name="maven.home" value="C:\Users\fisto\apache-maven-3.8.6"/>
    <property name="file.separator" value="\"/>
    <property name="java.version.date" value="2022-10-18"/>
    <property name="java.vendor.url.bug" value="https://github.com/adoptium/adoptium-support/issues"/>
    <property name="sun.io.unicode.encoding" value="UnicodeLittle"/>
    <property name="sun.cpu.endian" value="little"/>
    <property name="java.vendor.version" value="Temurin-17.0.5+8"/>
    <property name="sun.stdout.encoding" value="cp437"/>
    <property name="sun.cpu.isalist" value="amd64"/>
  </properties>
  <testcase classname="za.ac.wits.calculator.console.app.CalculatorTest" name="TestDivisionOperation" time="0.002"/>
  <testcase classname="za.ac.wits.calculator.console.app.CalculatorTest" name="TestDivisionArithmeticError" time="0.003"/>
  <testcase classname="za.ac.wits.calculator.console.app.CalculatorTest" name="TestAddition" time="0"/>
  <testcase classname="za.ac.wits.calculator.console.app.CalculatorTest" name="TestModulusOperation" time="0.001"/>
  <testcase classname="za.ac.wits.calculator.console.app.CalculatorTest" name="TestSubstraction" time="0"/>
  <testcase classname="za.ac.wits.calculator.console.app.CalculatorTest" name="TestModulusArithmeticError" time="0"/>
  <testcase classname="za.ac.wits.calculator.console.app.CalculatorTest" name="TestMultiplication" time="0"/>
</testsuite>